<?xml version="1.0" encoding="UTF-8"?>
<!-- Generated by org.testng.reporters.JUnitXMLReporter -->
<testsuite ignored="0" hostname="DESKTOP-EMVM1K9" failures="0" tests="2" name="Linux-MicrosoftEdge" time="0.1" errors="0" timestamp="2025-11-13T12:05:13 IST">
  <testcase classname="testCases.TS_001_AccountRegistrationTest" name="Verify_Account_Registration" time="0.0">
    <skipped/>
  </testcase> <!-- Verify_Account_Registration -->
  <testcase classname="testCases.TS_002_LoginTest" name="verify_Login" time="0.0">
    <skipped/>
  </testcase> <!-- verify_Login -->
</testsuite> <!-- Linux-MicrosoftEdge -->
