<?xml version="1.0" encoding="UTF-8"?>
<!-- Generated by org.testng.reporters.JUnitXMLReporter -->
<testsuite ignored="0" hostname="DESKTOP-EMVM1K9" failures="0" tests="8" name="Test" time="83.117" errors="0" timestamp="2025-11-12T11:07:56 IST">
  <testcase classname="testCases.TS_001_AccountRegistrationTest" name="Verify_Account_Registration" time="3.437"/>
  <testcase classname="testCases.TS_002_LoginTest" name="verify_Login" time="13.903"/>
  <testcase classname="testCases.TS_002_LoginTestDDT" name="verify_Login" time="2.145"/>
  <testcase classname="testCases.TS_002_LoginTestDDT" name="verify_Login" time="11.202"/>
  <testcase classname="testCases.TS_002_LoginTestDDT" name="verify_Login" time="11.704"/>
  <testcase classname="testCases.TS_002_LoginTestDDT" name="verify_Login" time="11.552"/>
  <testcase classname="testCases.TS_002_LoginTestDDT" name="verify_Login" time="11.09"/>
  <testcase classname="testCases.TS_002_LoginTestDDT" name="verify_Login" time="1.772"/>
</testsuite> <!-- Test -->
