<?xml version="1.0" encoding="UTF-8"?>
<!-- Generated by org.testng.reporters.JUnitXMLReporter -->
<testsuite ignored="0" hostname="DESKTOP-EMVM1K9" failures="0" tests="8" name="Test" time="88.142" errors="0" timestamp="2025-11-14T16:07:56 IST">
  <testcase classname="testCases.TS_001_AccountRegistrationTest" name="Verify_Account_Registration" time="4.678"/>
  <testcase classname="testCases.TS_002_LoginTest" name="verify_Login" time="12.892"/>
  <testcase classname="testCases.TS_002_LoginTestDDT" name="verify_Login" time="3.103"/>
  <testcase classname="testCases.TS_002_LoginTestDDT" name="verify_Login" time="11.702"/>
  <testcase classname="testCases.TS_002_LoginTestDDT" name="verify_Login" time="12.048"/>
  <testcase classname="testCases.TS_002_LoginTestDDT" name="verify_Login" time="11.796"/>
  <testcase classname="testCases.TS_002_LoginTestDDT" name="verify_Login" time="11.326"/>
  <testcase classname="testCases.TS_002_LoginTestDDT" name="verify_Login" time="2.918"/>
</testsuite> <!-- Test -->
