<?xml version="1.0" encoding="UTF-8"?>
<!-- Generated by org.testng.reporters.JUnitXMLReporter -->
<testsuite ignored="0" hostname="DESKTOP-EMVM1K9" failures="0" tests="3" name="Test(failed)" time="36.914" errors="0" timestamp="2025-11-10T15:45:23 IST">
  <testcase classname="testCases.TS_002_LoginTestDDT" name="verify_Login" time="11.109"/>
  <testcase classname="testCases.TS_002_LoginTestDDT" name="verify_Login" time="5.587"/>
  <testcase classname="testCases.TS_002_LoginTest" name="verify_Login" time="11.948"/>
</testsuite> <!-- Test(failed) -->
