<?xml version="1.0" encoding="UTF-8"?>
<testng-results ignored="0" total="8" passed="8" failed="0" skipped="0">
  <reporter-output>
  </reporter-output>
  <suite started-at="2025-11-14T16:06:26 IST" name="Suite" finished-at="2025-11-14T16:07:54 IST" duration-ms="88142">
    <groups>
      <group name="Master">
        <method signature="TS_001_AccountRegistrationTest.Verify_Account_Registration()[pri:0, instance:testCases.TS_001_AccountRegistrationTest@1700915]" name="Verify_Account_Registration" class="testCases.TS_001_AccountRegistrationTest"/>
        <method signature="TS_002_LoginTest.verify_Login()[pri:0, instance:testCases.TS_002_LoginTest@635eaaf1]" name="verify_Login" class="testCases.TS_002_LoginTest"/>
        <method signature="TS_002_LoginTestDDT.verify_Login(java.lang.String,java.lang.String,java.lang.String)[pri:0, instance:testCases.TS_002_LoginTestDDT@5c30a9b0]" name="verify_Login" class="testCases.TS_002_LoginTestDDT"/>
      </group> <!-- Master -->
      <group name="Sanity">
        <method signature="TS_001_AccountRegistrationTest.Verify_Account_Registration()[pri:0, instance:testCases.TS_001_AccountRegistrationTest@1700915]" name="Verify_Account_Registration" class="testCases.TS_001_AccountRegistrationTest"/>
      </group> <!-- Sanity -->
      <group name="DataDriven">
        <method signature="TS_002_LoginTestDDT.verify_Login(java.lang.String,java.lang.String,java.lang.String)[pri:0, instance:testCases.TS_002_LoginTestDDT@5c30a9b0]" name="verify_Login" class="testCases.TS_002_LoginTestDDT"/>
      </group> <!-- DataDriven -->
      <group name="Regression">
        <method signature="TS_002_LoginTest.verify_Login()[pri:0, instance:testCases.TS_002_LoginTest@635eaaf1]" name="verify_Login" class="testCases.TS_002_LoginTest"/>
      </group> <!-- Regression -->
    </groups>
    <test started-at="2025-11-14T16:06:26 IST" name="Test" finished-at="2025-11-14T16:07:54 IST" duration-ms="88142">
      <class name="testCases.TS_001_AccountRegistrationTest">
        <test-method is-config="true" signature="setUp(java.lang.String,java.lang.String)[pri:0, instance:testCases.TS_001_AccountRegistrationTest@1700915]" started-at="2025-11-14T16:06:26 IST" name="setUp" finished-at="2025-11-14T16:06:32 IST" duration-ms="5403" status="PASS">
          <params>
            <param index="0">
              <value>
                <![CDATA[windows]]>
              </value>
            </param>
            <param index="1">
              <value>
                <![CDATA[chrome]]>
              </value>
            </param>
          </params>
          <reporter-output>
          </reporter-output>
        </test-method> <!-- setUp -->
        <test-method signature="Verify_Account_Registration()[pri:0, instance:testCases.TS_001_AccountRegistrationTest@1700915]" started-at="2025-11-14T16:06:32 IST" name="Verify_Account_Registration" finished-at="2025-11-14T16:06:36 IST" duration-ms="4678" status="PASS">
          <reporter-output>
          </reporter-output>
        </test-method> <!-- Verify_Account_Registration -->
        <test-method is-config="true" signature="tearDown()[pri:0, instance:testCases.TS_001_AccountRegistrationTest@1700915]" started-at="2025-11-14T16:06:36 IST" name="tearDown" finished-at="2025-11-14T16:06:37 IST" duration-ms="392" status="PASS">
          <reporter-output>
          </reporter-output>
        </test-method> <!-- tearDown -->
      </class> <!-- testCases.TS_001_AccountRegistrationTest -->
      <class name="testCases.TS_002_LoginTestDDT">
        <test-method is-config="true" signature="setUp(java.lang.String,java.lang.String)[pri:0, instance:testCases.TS_002_LoginTestDDT@5c30a9b0]" started-at="2025-11-14T16:06:53 IST" name="setUp" finished-at="2025-11-14T16:06:57 IST" duration-ms="3444" status="PASS">
          <params>
            <param index="0">
              <value>
                <![CDATA[windows]]>
              </value>
            </param>
            <param index="1">
              <value>
                <![CDATA[chrome]]>
              </value>
            </param>
          </params>
          <reporter-output>
          </reporter-output>
        </test-method> <!-- setUp -->
        <test-method signature="verify_Login(java.lang.String,java.lang.String,java.lang.String)[pri:0, instance:testCases.TS_002_LoginTestDDT@5c30a9b0]" started-at="2025-11-14T16:07:01 IST" name="verify_Login" data-provider="LoginData" finished-at="2025-11-14T16:07:04 IST" duration-ms="3103" status="PASS">
          <params>
            <param index="0">
              <value>
                <![CDATA[abc123@gmail.com]]>
              </value>
            </param>
            <param index="1">
              <value>
                <![CDATA[test@123]]>
              </value>
            </param>
            <param index="2">
              <value>
                <![CDATA[Valid]]>
              </value>
            </param>
          </params>
          <reporter-output>
          </reporter-output>
        </test-method> <!-- verify_Login -->
        <test-method signature="verify_Login(java.lang.String,java.lang.String,java.lang.String)[pri:0, instance:testCases.TS_002_LoginTestDDT@5c30a9b0]" started-at="2025-11-14T16:07:04 IST" name="verify_Login" data-provider="LoginData" finished-at="2025-11-14T16:07:15 IST" duration-ms="11702" status="PASS">
          <params>
            <param index="0">
              <value>
                <![CDATA[laks@yahoo.com]]>
              </value>
            </param>
            <param index="1">
              <value>
                <![CDATA[xyz]]>
              </value>
            </param>
            <param index="2">
              <value>
                <![CDATA[Invalid]]>
              </value>
            </param>
          </params>
          <reporter-output>
          </reporter-output>
        </test-method> <!-- verify_Login -->
        <test-method signature="verify_Login(java.lang.String,java.lang.String,java.lang.String)[pri:0, instance:testCases.TS_002_LoginTestDDT@5c30a9b0]" started-at="2025-11-14T16:07:15 IST" name="verify_Login" data-provider="LoginData" finished-at="2025-11-14T16:07:27 IST" duration-ms="12048" status="PASS">
          <params>
            <param index="0">
              <value>
                <![CDATA[]]>
              </value>
            </param>
            <param index="1">
              <value>
                <![CDATA[]]>
              </value>
            </param>
            <param index="2">
              <value>
                <![CDATA[Invalid]]>
              </value>
            </param>
          </params>
          <reporter-output>
          </reporter-output>
        </test-method> <!-- verify_Login -->
        <test-method signature="verify_Login(java.lang.String,java.lang.String,java.lang.String)[pri:0, instance:testCases.TS_002_LoginTestDDT@5c30a9b0]" started-at="2025-11-14T16:07:27 IST" name="verify_Login" data-provider="LoginData" finished-at="2025-11-14T16:07:39 IST" duration-ms="11796" status="PASS">
          <params>
            <param index="0">
              <value>
                <![CDATA[abc123@gmail.com]]>
              </value>
            </param>
            <param index="1">
              <value>
                <![CDATA[]]>
              </value>
            </param>
            <param index="2">
              <value>
                <![CDATA[Invalid]]>
              </value>
            </param>
          </params>
          <reporter-output>
          </reporter-output>
        </test-method> <!-- verify_Login -->
        <test-method signature="verify_Login(java.lang.String,java.lang.String,java.lang.String)[pri:0, instance:testCases.TS_002_LoginTestDDT@5c30a9b0]" started-at="2025-11-14T16:07:39 IST" name="verify_Login" data-provider="LoginData" finished-at="2025-11-14T16:07:51 IST" duration-ms="11326" status="PASS">
          <params>
            <param index="0">
              <value>
                <![CDATA[]]>
              </value>
            </param>
            <param index="1">
              <value>
                <![CDATA[test@123]]>
              </value>
            </param>
            <param index="2">
              <value>
                <![CDATA[Invalid]]>
              </value>
            </param>
          </params>
          <reporter-output>
          </reporter-output>
        </test-method> <!-- verify_Login -->
        <test-method signature="verify_Login(java.lang.String,java.lang.String,java.lang.String)[pri:0, instance:testCases.TS_002_LoginTestDDT@5c30a9b0]" started-at="2025-11-14T16:07:51 IST" name="verify_Login" data-provider="LoginData" finished-at="2025-11-14T16:07:54 IST" duration-ms="2918" status="PASS">
          <params>
            <param index="0">
              <value>
                <![CDATA[aruna632@gmail.com]]>
              </value>
            </param>
            <param index="1">
              <value>
                <![CDATA[Wq4xBZF8zRET#]]>
              </value>
            </param>
            <param index="2">
              <value>
                <![CDATA[Valid]]>
              </value>
            </param>
          </params>
          <reporter-output>
          </reporter-output>
        </test-method> <!-- verify_Login -->
        <test-method is-config="true" signature="tearDown()[pri:0, instance:testCases.TS_002_LoginTestDDT@5c30a9b0]" started-at="2025-11-14T16:07:54 IST" name="tearDown" finished-at="2025-11-14T16:07:54 IST" duration-ms="304" status="PASS">
          <reporter-output>
          </reporter-output>
        </test-method> <!-- tearDown -->
      </class> <!-- testCases.TS_002_LoginTestDDT -->
      <class name="testCases.TS_002_LoginTest">
        <test-method is-config="true" signature="setUp(java.lang.String,java.lang.String)[pri:0, instance:testCases.TS_002_LoginTest@635eaaf1]" started-at="2025-11-14T16:06:37 IST" name="setUp" finished-at="2025-11-14T16:06:40 IST" duration-ms="3013" status="PASS">
          <params>
            <param index="0">
              <value>
                <![CDATA[windows]]>
              </value>
            </param>
            <param index="1">
              <value>
                <![CDATA[chrome]]>
              </value>
            </param>
          </params>
          <reporter-output>
          </reporter-output>
        </test-method> <!-- setUp -->
        <test-method signature="verify_Login()[pri:0, instance:testCases.TS_002_LoginTest@635eaaf1]" started-at="2025-11-14T16:06:40 IST" name="verify_Login" finished-at="2025-11-14T16:06:53 IST" duration-ms="12892" status="PASS">
          <reporter-output>
          </reporter-output>
        </test-method> <!-- verify_Login -->
        <test-method is-config="true" signature="tearDown()[pri:0, instance:testCases.TS_002_LoginTest@635eaaf1]" started-at="2025-11-14T16:06:53 IST" name="tearDown" finished-at="2025-11-14T16:06:53 IST" duration-ms="535" status="PASS">
          <reporter-output>
          </reporter-output>
        </test-method> <!-- tearDown -->
      </class> <!-- testCases.TS_002_LoginTest -->
    </test> <!-- Test -->
  </suite> <!-- Suite -->
</testng-results>
