<?xml version="1.0" encoding="UTF-8"?>
<testng-results ignored="0" total="6" passed="6" failed="0" skipped="0">
  <reporter-output>
  </reporter-output>
  <suite started-at="2025-11-13T16:28:07 IST" name="Suite" finished-at="2025-11-13T16:29:36 IST" duration-ms="88976">
    <groups>
      <group name="Master">
        <method signature="TS_001_AccountRegistrationTest.Verify_Account_Registration()[pri:0, instance:testCases.TS_001_AccountRegistrationTest@7eac9008]" name="Verify_Account_Registration" class="testCases.TS_001_AccountRegistrationTest"/>
        <method signature="TS_002_LoginTest.verify_Login()[pri:0, instance:testCases.TS_002_LoginTest@15de0b3c]" name="verify_Login" class="testCases.TS_002_LoginTest"/>
        <method signature="TS_001_AccountRegistrationTest.Verify_Account_Registration()[pri:0, instance:testCases.TS_001_AccountRegistrationTest@291caca8]" name="Verify_Account_Registration" class="testCases.TS_001_AccountRegistrationTest"/>
        <method signature="TS_002_LoginTest.verify_Login()[pri:0, instance:testCases.TS_002_LoginTest@385e9564]" name="verify_Login" class="testCases.TS_002_LoginTest"/>
        <method signature="TS_001_AccountRegistrationTest.Verify_Account_Registration()[pri:0, instance:testCases.TS_001_AccountRegistrationTest@8c3b9d]" name="Verify_Account_Registration" class="testCases.TS_001_AccountRegistrationTest"/>
        <method signature="TS_002_LoginTest.verify_Login()[pri:0, instance:testCases.TS_002_LoginTest@4c39bec8]" name="verify_Login" class="testCases.TS_002_LoginTest"/>
      </group> <!-- Master -->
      <group name="Sanity">
        <method signature="TS_001_AccountRegistrationTest.Verify_Account_Registration()[pri:0, instance:testCases.TS_001_AccountRegistrationTest@7eac9008]" name="Verify_Account_Registration" class="testCases.TS_001_AccountRegistrationTest"/>
        <method signature="TS_001_AccountRegistrationTest.Verify_Account_Registration()[pri:0, instance:testCases.TS_001_AccountRegistrationTest@291caca8]" name="Verify_Account_Registration" class="testCases.TS_001_AccountRegistrationTest"/>
        <method signature="TS_001_AccountRegistrationTest.Verify_Account_Registration()[pri:0, instance:testCases.TS_001_AccountRegistrationTest@8c3b9d]" name="Verify_Account_Registration" class="testCases.TS_001_AccountRegistrationTest"/>
      </group> <!-- Sanity -->
      <group name="Regression">
        <method signature="TS_002_LoginTest.verify_Login()[pri:0, instance:testCases.TS_002_LoginTest@15de0b3c]" name="verify_Login" class="testCases.TS_002_LoginTest"/>
        <method signature="TS_002_LoginTest.verify_Login()[pri:0, instance:testCases.TS_002_LoginTest@385e9564]" name="verify_Login" class="testCases.TS_002_LoginTest"/>
        <method signature="TS_002_LoginTest.verify_Login()[pri:0, instance:testCases.TS_002_LoginTest@4c39bec8]" name="verify_Login" class="testCases.TS_002_LoginTest"/>
      </group> <!-- Regression -->
    </groups>
    <test started-at="2025-11-13T16:28:07 IST" name="Linux-Chrome" finished-at="2025-11-13T16:28:34 IST" duration-ms="27745">
      <class name="testCases.TS_001_AccountRegistrationTest">
        <test-method is-config="true" signature="setUp(java.lang.String,java.lang.String)[pri:0, instance:testCases.TS_001_AccountRegistrationTest@7eac9008]" started-at="2025-11-13T16:28:07 IST" name="setUp" finished-at="2025-11-13T16:28:15 IST" duration-ms="7873" status="PASS">
          <params>
            <param index="0">
              <value>
                <![CDATA[Linux]]>
              </value>
            </param>
            <param index="1">
              <value>
                <![CDATA[chrome]]>
              </value>
            </param>
          </params>
          <reporter-output>
          </reporter-output>
        </test-method> <!-- setUp -->
        <test-method signature="Verify_Account_Registration()[pri:0, instance:testCases.TS_001_AccountRegistrationTest@7eac9008]" started-at="2025-11-13T16:28:15 IST" name="Verify_Account_Registration" finished-at="2025-11-13T16:28:18 IST" duration-ms="3086" status="PASS">
          <reporter-output>
          </reporter-output>
        </test-method> <!-- Verify_Account_Registration -->
        <test-method is-config="true" signature="tearDown()[pri:0, instance:testCases.TS_001_AccountRegistrationTest@7eac9008]" started-at="2025-11-13T16:28:18 IST" name="tearDown" finished-at="2025-11-13T16:28:18 IST" duration-ms="105" status="PASS">
          <reporter-output>
          </reporter-output>
        </test-method> <!-- tearDown -->
      </class> <!-- testCases.TS_001_AccountRegistrationTest -->
      <class name="testCases.TS_002_LoginTest">
        <test-method is-config="true" signature="setUp(java.lang.String,java.lang.String)[pri:0, instance:testCases.TS_002_LoginTest@15de0b3c]" started-at="2025-11-13T16:28:18 IST" name="setUp" finished-at="2025-11-13T16:28:21 IST" duration-ms="2386" status="PASS">
          <params>
            <param index="0">
              <value>
                <![CDATA[Linux]]>
              </value>
            </param>
            <param index="1">
              <value>
                <![CDATA[chrome]]>
              </value>
            </param>
          </params>
          <reporter-output>
          </reporter-output>
        </test-method> <!-- setUp -->
        <test-method signature="verify_Login()[pri:0, instance:testCases.TS_002_LoginTest@15de0b3c]" started-at="2025-11-13T16:28:21 IST" name="verify_Login" finished-at="2025-11-13T16:28:34 IST" duration-ms="13349" status="PASS">
          <reporter-output>
          </reporter-output>
        </test-method> <!-- verify_Login -->
        <test-method is-config="true" signature="tearDown()[pri:0, instance:testCases.TS_002_LoginTest@15de0b3c]" started-at="2025-11-13T16:28:34 IST" name="tearDown" finished-at="2025-11-13T16:28:34 IST" duration-ms="130" status="PASS">
          <reporter-output>
          </reporter-output>
        </test-method> <!-- tearDown -->
      </class> <!-- testCases.TS_002_LoginTest -->
    </test> <!-- Linux-Chrome -->
    <test started-at="2025-11-13T16:28:36 IST" name="Linux-Edge" finished-at="2025-11-13T16:28:59 IST" duration-ms="22755">
      <class name="testCases.TS_001_AccountRegistrationTest">
        <test-method is-config="true" signature="setUp(java.lang.String,java.lang.String)[pri:0, instance:testCases.TS_001_AccountRegistrationTest@291caca8]" started-at="2025-11-13T16:28:36 IST" name="setUp" finished-at="2025-11-13T16:28:39 IST" duration-ms="2962" status="PASS">
          <params>
            <param index="0">
              <value>
                <![CDATA[Linux]]>
              </value>
            </param>
            <param index="1">
              <value>
                <![CDATA[Edge]]>
              </value>
            </param>
          </params>
          <reporter-output>
          </reporter-output>
        </test-method> <!-- setUp -->
        <test-method signature="Verify_Account_Registration()[pri:0, instance:testCases.TS_001_AccountRegistrationTest@291caca8]" started-at="2025-11-13T16:28:39 IST" name="Verify_Account_Registration" finished-at="2025-11-13T16:28:43 IST" duration-ms="3949" status="PASS">
          <reporter-output>
          </reporter-output>
        </test-method> <!-- Verify_Account_Registration -->
        <test-method is-config="true" signature="tearDown()[pri:0, instance:testCases.TS_001_AccountRegistrationTest@291caca8]" started-at="2025-11-13T16:28:43 IST" name="tearDown" finished-at="2025-11-13T16:28:43 IST" duration-ms="120" status="PASS">
          <reporter-output>
          </reporter-output>
        </test-method> <!-- tearDown -->
      </class> <!-- testCases.TS_001_AccountRegistrationTest -->
      <class name="testCases.TS_002_LoginTest">
        <test-method is-config="true" signature="setUp(java.lang.String,java.lang.String)[pri:0, instance:testCases.TS_002_LoginTest@385e9564]" started-at="2025-11-13T16:28:43 IST" name="setUp" finished-at="2025-11-13T16:28:46 IST" duration-ms="2670" status="PASS">
          <params>
            <param index="0">
              <value>
                <![CDATA[Linux]]>
              </value>
            </param>
            <param index="1">
              <value>
                <![CDATA[Edge]]>
              </value>
            </param>
          </params>
          <reporter-output>
          </reporter-output>
        </test-method> <!-- setUp -->
        <test-method signature="verify_Login()[pri:0, instance:testCases.TS_002_LoginTest@385e9564]" started-at="2025-11-13T16:28:46 IST" name="verify_Login" finished-at="2025-11-13T16:28:58 IST" duration-ms="12846" status="PASS">
          <reporter-output>
          </reporter-output>
        </test-method> <!-- verify_Login -->
        <test-method is-config="true" signature="tearDown()[pri:0, instance:testCases.TS_002_LoginTest@385e9564]" started-at="2025-11-13T16:28:58 IST" name="tearDown" finished-at="2025-11-13T16:28:59 IST" duration-ms="199" status="PASS">
          <reporter-output>
          </reporter-output>
        </test-method> <!-- tearDown -->
      </class> <!-- testCases.TS_002_LoginTest -->
    </test> <!-- Linux-Edge -->
    <test started-at="2025-11-13T16:28:59 IST" name="Linux-firefox" finished-at="2025-11-13T16:29:36 IST" duration-ms="36390">
      <class name="testCases.TS_001_AccountRegistrationTest">
        <test-method is-config="true" signature="setUp(java.lang.String,java.lang.String)[pri:0, instance:testCases.TS_001_AccountRegistrationTest@8c3b9d]" started-at="2025-11-13T16:28:59 IST" name="setUp" finished-at="2025-11-13T16:29:11 IST" duration-ms="11908" status="PASS">
          <params>
            <param index="0">
              <value>
                <![CDATA[Linux]]>
              </value>
            </param>
            <param index="1">
              <value>
                <![CDATA[firefox]]>
              </value>
            </param>
          </params>
          <reporter-output>
          </reporter-output>
        </test-method> <!-- setUp -->
        <test-method signature="Verify_Account_Registration()[pri:0, instance:testCases.TS_001_AccountRegistrationTest@8c3b9d]" started-at="2025-11-13T16:29:11 IST" name="Verify_Account_Registration" finished-at="2025-11-13T16:29:14 IST" duration-ms="2770" status="PASS">
          <reporter-output>
          </reporter-output>
        </test-method> <!-- Verify_Account_Registration -->
        <test-method is-config="true" signature="tearDown()[pri:0, instance:testCases.TS_001_AccountRegistrationTest@8c3b9d]" started-at="2025-11-13T16:29:14 IST" name="tearDown" finished-at="2025-11-13T16:29:15 IST" duration-ms="1566" status="PASS">
          <reporter-output>
          </reporter-output>
        </test-method> <!-- tearDown -->
      </class> <!-- testCases.TS_001_AccountRegistrationTest -->
      <class name="testCases.TS_002_LoginTest">
        <test-method is-config="true" signature="setUp(java.lang.String,java.lang.String)[pri:0, instance:testCases.TS_002_LoginTest@4c39bec8]" started-at="2025-11-13T16:29:15 IST" name="setUp" finished-at="2025-11-13T16:29:23 IST" duration-ms="7060" status="PASS">
          <params>
            <param index="0">
              <value>
                <![CDATA[Linux]]>
              </value>
            </param>
            <param index="1">
              <value>
                <![CDATA[firefox]]>
              </value>
            </param>
          </params>
          <reporter-output>
          </reporter-output>
        </test-method> <!-- setUp -->
        <test-method signature="verify_Login()[pri:0, instance:testCases.TS_002_LoginTest@4c39bec8]" started-at="2025-11-13T16:29:23 IST" name="verify_Login" finished-at="2025-11-13T16:29:34 IST" duration-ms="11959" status="PASS">
          <reporter-output>
          </reporter-output>
        </test-method> <!-- verify_Login -->
        <test-method is-config="true" signature="tearDown()[pri:0, instance:testCases.TS_002_LoginTest@4c39bec8]" started-at="2025-11-13T16:29:34 IST" name="tearDown" finished-at="2025-11-13T16:29:36 IST" duration-ms="1112" status="PASS">
          <reporter-output>
          </reporter-output>
        </test-method> <!-- tearDown -->
      </class> <!-- testCases.TS_002_LoginTest -->
    </test> <!-- Linux-firefox -->
  </suite> <!-- Suite -->
</testng-results>
