<?xml version="1.0" encoding="UTF-8"?>
<!-- Generated by org.testng.reporters.JUnitReportReporter -->
<testsuite hostname="DESKTOP-EMVM1K9" failures="0" tests="3" name="testCases.TS_001_AccountRegistrationTest" time="9.805" errors="0" timestamp="2025-11-13T16:29:37 IST" skipped="0">
  <testcase classname="testCases.TS_001_AccountRegistrationTest" name="Verify_Account_Registration" time="3.086"/>
  <testcase classname="testCases.TS_001_AccountRegistrationTest" name="Verify_Account_Registration" time="3.949"/>
  <testcase classname="testCases.TS_001_AccountRegistrationTest" name="Verify_Account_Registration" time="2.770"/>
</testsuite> <!-- testCases.TS_001_AccountRegistrationTest -->
