<?xml version="1.0" encoding="UTF-8"?>
<!-- Generated by org.testng.reporters.JUnitReportReporter -->
<testsuite hostname="DESKTOP-EMVM1K9" failures="0" tests="3" name="testCases.TS_002_LoginTest" time="38.154" errors="0" timestamp="2025-11-13T16:29:37 IST" skipped="0">
  <testcase classname="testCases.TS_002_LoginTest" name="verify_Login" time="11.959"/>
  <testcase classname="testCases.TS_002_LoginTest" name="verify_Login" time="13.349"/>
  <testcase classname="testCases.TS_002_LoginTest" name="verify_Login" time="12.846"/>
</testsuite> <!-- testCases.TS_002_LoginTest -->
