<?xml version="1.0" encoding="UTF-8"?>
<!-- Generated by org.testng.reporters.JUnitReportReporter -->
<testsuite hostname="DESKTOP-EMVM1K9" failures="0" tests="6" name="testCases.TS_002_LoginTestDDT" time="49.465" errors="0" timestamp="2025-11-12T11:07:57 IST" skipped="0">
  <testcase classname="testCases.TS_002_LoginTestDDT" name="verify_Login" time="11.202"/>
  <testcase classname="testCases.TS_002_LoginTestDDT" name="verify_Login" time="11.704"/>
  <testcase classname="testCases.TS_002_LoginTestDDT" name="verify_Login" time="1.772"/>
  <testcase classname="testCases.TS_002_LoginTestDDT" name="verify_Login" time="11.090"/>
  <testcase classname="testCases.TS_002_LoginTestDDT" name="verify_Login" time="2.145"/>
  <testcase classname="testCases.TS_002_LoginTestDDT" name="verify_Login" time="11.552"/>
</testsuite> <!-- testCases.TS_002_LoginTestDDT -->
