<?xml version="1.0" encoding="UTF-8"?>
<!-- Generated by org.testng.reporters.JUnitReportReporter -->
<testsuite hostname="DESKTOP-EMVM1K9" failures="0" tests="6" name="testCases.TS_002_LoginTestDDT" time="52.893" errors="0" timestamp="2025-11-14T16:07:56 IST" skipped="0">
  <testcase classname="testCases.TS_002_LoginTestDDT" name="verify_Login" time="2.918"/>
  <testcase classname="testCases.TS_002_LoginTestDDT" name="verify_Login" time="12.048"/>
  <testcase classname="testCases.TS_002_LoginTestDDT" name="verify_Login" time="11.796"/>
  <testcase classname="testCases.TS_002_LoginTestDDT" name="verify_Login" time="11.326"/>
  <testcase classname="testCases.TS_002_LoginTestDDT" name="verify_Login" time="3.103"/>
  <testcase classname="testCases.TS_002_LoginTestDDT" name="verify_Login" time="11.702"/>
</testsuite> <!-- testCases.TS_002_LoginTestDDT -->
